<?xml version="1.0" encoding="UTF-8" ?>
<testsuite errors="6" failures="0" hostname="timnsaf" name="com.moodle.test.datacreation.MDLQADT2AddUsers" tests="13" time="881.938" timestamp="2012-07-28T23:44:27">
  <properties>
    <property name="java.vendor" value="Sun Microsystems Inc." />
    <property name="libs" value="/home/timnsaf/functional-test-suite/lib" />
    <property name="sun.java.launcher" value="SUN_STANDARD" />
    <property name="eclipse.pdebuild.templates" value="/home/timnsaf/Apps/eclipse/plugins/org.eclipse.pde.build_3.7.0.v20111116-2009/templates//" />
    <property name="sun.management.compiler" value="HotSpot 64-Bit Tiered Compilers" />
    <property name="os.name" value="Linux" />
    <property name="sun.boot.class.path" value="/usr/lib/jvm/java-6-openjdk-amd64/jre/lib/resources.jar:/usr/lib/jvm/java-6-openjdk-amd64/jre/lib/rt.jar:/usr/lib/jvm/java-6-openjdk-amd64/jre/lib/sunrsasign.jar:/usr/lib/jvm/java-6-openjdk-amd64/jre/lib/jsse.jar:/usr/lib/jvm/java-6-openjdk-amd64/jre/lib/jce.jar:/usr/lib/jvm/java-6-openjdk-amd64/jre/lib/charsets.jar:/usr/lib/jvm/java-6-openjdk-amd64/jre/lib/netx.jar:/usr/lib/jvm/java-6-openjdk-amd64/jre/lib/plugin.jar:/usr/lib/jvm/java-6-openjdk-amd64/jre/lib/rhino.jar:/usr/lib/jvm/java-6-openjdk-amd64/jre/lib/modules/jdk.boot.jar:/usr/lib/jvm/java-6-openjdk-amd64/jre/classes" />
    <property name="ant.file.Run Selenium Tests" value="/home/timnsaf/functional-test-suite/build.xml" />
    <property name="sun.desktop" value="gnome" />
    <property name="java.vm.specification.vendor" value="Sun Microsystems Inc." />
    <property name="ant.home" value="/home/timnsaf/Apps/eclipse/plugins/org.apache.ant_1.8.2.v20120109-1030" />
    <property name="java.runtime.version" value="1.6.0_24-b24" />
    <property name="user.name" value="timnsaf" />
    <property name="sublibs" value="/home/timnsaf/functional-test-suite/lib/selenium-2.25.0/libs" />
    <property name="user.language" value="en" />
    <property name="testresults" value="/home/timnsaf/functional-test-suite/junit-results" />
    <property name="build" value="/home/timnsaf/functional-test-suite/build" />
    <property name="sun.boot.library.path" value="/usr/lib/jvm/java-6-openjdk-amd64/jre/lib/amd64" />
    <property name="ant.project.default-target" value="all_selenium_tests" />
    <property name="ant.project.name" value="Run Selenium Tests" />
    <property name="java.version" value="1.6.0_24" />
    <property name="ant.file.type.Run Selenium Tests" value="file" />
    <property name="user.timezone" value="" />
    <property name="sun.arch.data.model" value="64" />
    <property name="java.endorsed.dirs" value="/usr/lib/jvm/java-6-openjdk-amd64/jre/lib/endorsed" />
    <property name="sun.cpu.isalist" value="" />
    <property name="sun.jnu.encoding" value="UTF-8" />
    <property name="file.encoding.pkg" value="sun.io" />
    <property name="file.separator" value="/" />
    <property name="java.specification.name" value="Java Platform API Specification" />
    <property name="java.class.version" value="50.0" />
    <property name="src" value="/home/timnsaf/functional-test-suite/src" />
    <property name="user.country" value="AU" />
    <property name="java.home" value="/usr/lib/jvm/java-6-openjdk-amd64/jre" />
    <property name="java.vm.info" value="mixed mode" />
    <property name="ant.file" value="/home/timnsaf/functional-test-suite/build.xml" />
    <property name="os.version" value="3.2.0-27-generic" />
    <property name="path.separator" value=":" />
    <property name="java.vm.version" value="20.0-b12" />
    <property name="ant.library.dir" value="/home/timnsaf/Apps/eclipse/plugins/org.apache.ant_1.8.2.v20120109-1030/lib" />
    <property name="java.awt.printerjob" value="sun.print.PSPrinterJob" />
    <property name="sun.io.unicode.encoding" value="UnicodeLittle" />
    <property name="eclipse.pdebuild.scripts" value="/home/timnsaf/Apps/eclipse/plugins/org.eclipse.pde.build_3.7.0.v20111116-2009/scripts//" />
    <property name="user.home" value="/home/timnsaf" />
    <property name="java.specification.vendor" value="Sun Microsystems Inc." />
    <property name="java.library.path" value="/usr/lib/jvm/java-6-openjdk-amd64/jre/lib/amd64/server:/usr/lib/jvm/java-6-openjdk-amd64/jre/lib/amd64:/usr/lib/jvm/java-6-openjdk-amd64/jre/../lib/amd64:/usr/java/packages/lib/amd64:/usr/lib/x86_64-linux-gnu/jni:/lib/x86_64-linux-gnu:/usr/lib/x86_64-linux-gnu:/usr/lib/jni:/lib:/usr/lib" />
    <property name="java.vendor.url" value="http://java.sun.com/" />
    <property name="java.vm.vendor" value="Sun Microsystems Inc." />
    <property name="java.runtime.name" value="OpenJDK Runtime Environment" />
    <property name="sun.java.command" value="org.apache.tools.ant.taskdefs.optional.junit.JUnitTestRunner com.moodle.test.datacreation.MDLQADT2AddUsers filtertrace=true haltOnError=false haltOnFailure=false formatter=org.apache.tools.ant.taskdefs.optional.junit.SummaryJUnitResultFormatter showoutput=false outputtoformatters=true logfailedtests=true logtestlistenerevents=false formatter=org.apache.tools.ant.taskdefs.optional.junit.XMLJUnitResultFormatter,/home/timnsaf/functional-test-suite/junit-results/TEST-com.moodle.test.datacreation.MDLQADT2AddUsers.xml crashfile=/home/timnsaf/functional-test-suite/junitvmwatcher6259461973391376484.properties propsfile=/home/timnsaf/functional-test-suite/junit5838684999823074986.properties" />
    <property name="java.class.path" value="/home/timnsaf/functional-test-suite/lib/junit-4.10.jar:/home/timnsaf/functional-test-suite/lib/selenium-2.25.0/selenium-server-standalone-2.25.0.jar:/home/timnsaf/functional-test-suite/lib/selenium-2.25.0/libs/apache-mime4j-0.6.jar:/home/timnsaf/functional-test-suite/lib/selenium-2.25.0/libs/bcpkix-jdk15on-1.47.jar:/home/timnsaf/functional-test-suite/lib/selenium-2.25.0/libs/bcprov-jdk15on-147.jar:/home/timnsaf/functional-test-suite/lib/selenium-2.25.0/libs/bsh-1.3.0.jar:/home/timnsaf/functional-test-suite/lib/selenium-2.25.0/libs/cglib-nodep-2.1_3.jar:/home/timnsaf/functional-test-suite/lib/selenium-2.25.0/libs/commons-codec-1.6.jar:/home/timnsaf/functional-test-suite/lib/selenium-2.25.0/libs/commons-collections-3.2.1.jar:/home/timnsaf/functional-test-suite/lib/selenium-2.25.0/libs/commons-el-1.0.jar:/home/timnsaf/functional-test-suite/lib/selenium-2.25.0/libs/commons-exec-1.1.jar:/home/timnsaf/functional-test-suite/lib/selenium-2.25.0/libs/commons-io-2.0.1.jar:/home/timnsaf/functional-test-suite/lib/selenium-2.25.0/libs/commons-jxpath-1.3.jar:/home/timnsaf/functional-test-suite/lib/selenium-2.25.0/libs/commons-lang-2.6.jar:/home/timnsaf/functional-test-suite/lib/selenium-2.25.0/libs/commons-logging-1.1.1.jar:/home/timnsaf/functional-test-suite/lib/selenium-2.25.0/libs/cssparser-0.9.5.jar:/home/timnsaf/functional-test-suite/lib/selenium-2.25.0/libs/guava-12.0.jar:/home/timnsaf/functional-test-suite/lib/selenium-2.25.0/libs/hamcrest-core-1.1.jar:/home/timnsaf/functional-test-suite/lib/selenium-2.25.0/libs/hamcrest-library-1.1.jar:/home/timnsaf/functional-test-suite/lib/selenium-2.25.0/libs/htmlunit-2.9.jar:/home/timnsaf/functional-test-suite/lib/selenium-2.25.0/libs/htmlunit-core-js-2.9.jar:/home/timnsaf/functional-test-suite/lib/selenium-2.25.0/libs/httpclient-4.1.3.jar:/home/timnsaf/functional-test-suite/lib/selenium-2.25.0/libs/httpcore-4.1.3.jar:/home/timnsaf/functional-test-suite/lib/selenium-2.25.0/libs/httpmime-4.1.3.jar:/home/timnsaf/functional-test-suite/lib/selenium-2.25.0/libs/jasper-compiler-5.5.15.jar:/home/timnsaf/functional-test-suite/lib/selenium-2.25.0/libs/jasper-compiler-jdt-5.5.15.jar:/home/timnsaf/functional-test-suite/lib/selenium-2.25.0/libs/jasper-runtime-5.5.15.jar:/home/timnsaf/functional-test-suite/lib/selenium-2.25.0/libs/jcip-annotations-1.0.jar:/home/timnsaf/functional-test-suite/lib/selenium-2.25.0/libs/jcommander-1.13.jar:/home/timnsaf/functional-test-suite/lib/selenium-2.25.0/libs/jetty-repacked-7.6.1.jar:/home/timnsaf/functional-test-suite/lib/selenium-2.25.0/libs/jna-3.4.0.jar:/home/timnsaf/functional-test-suite/lib/selenium-2.25.0/libs/jna-platform-3.4.0.jar:/home/timnsaf/functional-test-suite/lib/selenium-2.25.0/libs/json-20080701.jar:/home/timnsaf/functional-test-suite/lib/selenium-2.25.0/libs/junit-dep-4.10.jar:/home/timnsaf/functional-test-suite/lib/selenium-2.25.0/libs/nekohtml-1.9.15.jar:/home/timnsaf/functional-test-suite/lib/selenium-2.25.0/libs/netty-3.2.7.Final.jar:/home/timnsaf/functional-test-suite/lib/selenium-2.25.0/libs/operadriver-0.14.jar:/home/timnsaf/functional-test-suite/lib/selenium-2.25.0/libs/protobuf-java-2.4.1.jar:/home/timnsaf/functional-test-suite/lib/selenium-2.25.0/libs/sac-1.3.jar:/home/timnsaf/functional-test-suite/lib/selenium-2.25.0/libs/serializer-2.7.1.jar:/home/timnsaf/functional-test-suite/lib/selenium-2.25.0/libs/servlet-api-2.5-6.1.9.jar:/home/timnsaf/functional-test-suite/lib/selenium-2.25.0/libs/snakeyaml-1.8.jar:/home/timnsaf/functional-test-suite/lib/selenium-2.25.0/libs/testng-6.0.1-nobsh-noguice.jar:/home/timnsaf/functional-test-suite/lib/selenium-2.25.0/libs/webbit-0.4.8-SNAPSHOT.jar:/home/timnsaf/functional-test-suite/lib/selenium-2.25.0/libs/xalan-2.7.1.jar:/home/timnsaf/functional-test-suite/lib/selenium-2.25.0/libs/xml-apis-1.3.04.jar:/home/timnsaf/functional-test-suite/build:/home/timnsaf/functional-test-suite/src:/home/timnsaf/Apps/eclipse/plugins/org.apache.ant_1.8.2.v20120109-1030/lib/ant-launcher.jar:/home/timnsaf/Apps/eclipse/plugins/org.apache.ant_1.8.2.v20120109-1030/lib/ant.jar:/home/timnsaf/Apps/eclipse/plugins/org.apache.ant_1.8.2.v20120109-1030/lib/ant-junit.jar:/home/timnsaf/Apps/eclipse/plugins/org.apache.ant_1.8.2.v20120109-1030/lib/ant-junit4.jar" />
    <property name="ant.version" value="Apache Ant(TM) version 1.8.2 compiled on December 20 2010" />
    <property name="testreport" value="/home/timnsaf/functional-test-suite/junit-report" />
    <property name="java.vm.specification.name" value="Java Virtual Machine Specification" />
    <property name="java.vm.specification.version" value="1.0" />
    <property name="sun.cpu.endian" value="little" />
    <property name="sun.os.patch.level" value="unknown" />
    <property name="eclipse.pdebuild.home" value="/home/timnsaf/Apps/eclipse/plugins/org.eclipse.pde.build_3.7.0.v20111116-2009/.//" />
    <property name="java.io.tmpdir" value="/tmp" />
    <property name="java.vendor.url.bug" value="http://java.sun.com/cgi-bin/bugreport.cgi" />
    <property name="os.arch" value="amd64" />
    <property name="java.awt.graphicsenv" value="sun.awt.X11GraphicsEnvironment" />
    <property name="java.ext.dirs" value="/usr/lib/jvm/java-6-openjdk-amd64/jre/lib/ext:/usr/java/packages/lib/ext" />
    <property name="user.dir" value="/home/timnsaf/functional-test-suite" />
    <property name="line.separator" value="&#xa;" />
    <property name="java.vm.name" value="OpenJDK 64-Bit Server VM" />
    <property name="basedir" value="/home/timnsaf/functional-test-suite" />
    <property name="ant.java.version" value="1.6" />
    <property name="ant.core.lib" value="/home/timnsaf/Apps/eclipse/plugins/org.apache.ant_1.8.2.v20120109-1030/lib/ant.jar" />
    <property name="file.encoding" value="UTF-8" />
    <property name="sellibs" value="/home/timnsaf/functional-test-suite/lib/selenium-2.25.0" />
    <property name="java.specification.version" value="1.6" />
    <property name="ant.project.invoked-targets" value="run_tests" />
  </properties>
  <testcase classname="com.moodle.test.datacreation.MDLQADT2AddUsers" name="login" time="17.627" />
  <testcase classname="com.moodle.test.datacreation.MDLQADT2AddUsers" name="addTeacher" time="272.189" />
  <testcase classname="com.moodle.test.datacreation.MDLQADT2AddUsers" name="addFirstStudent" time="171.631" />
  <testcase classname="com.moodle.test.datacreation.MDLQADT2AddUsers" name="addSecondStudent" time="67.261">
    <error message="Cannot click on element (WARNING: The server did not provide any stacktrace information)&#xa;Command duration or timeout: 2.64 seconds&#xa;Build info: version: &apos;2.25.0&apos;, revision: &apos;17482&apos;, time: &apos;2012-07-18 21:08:56&apos;&#xa;System info: os.name: &apos;Windows 7&apos;, os.arch: &apos;x86&apos;, os.version: &apos;6.1&apos;, java.version: &apos;1.7.0_05&apos;&#xa;Driver info: driver.version: RemoteWebDriver&#xa;Session ID: c5334d6c-d194-4fbc-8b3d-5aeec6e33080&#xa;Command duration or timeout: 5.20 seconds&#xa;Build info: version: &apos;2.25.0&apos;, revision: &apos;17482&apos;, time: &apos;2012-07-18 21:08:56&apos;&#xa;System info: os.name: &apos;Linux&apos;, os.arch: &apos;amd64&apos;, os.version: &apos;3.2.0-27-generic&apos;, java.version: &apos;1.6.0_24&apos;&#xa;Driver info: driver.version: RemoteWebDriver&#xa;Session ID: 1343517716926" type="org.openqa.selenium.ElementNotVisibleException">org.openqa.selenium.ElementNotVisibleException: Cannot click on element (WARNING: The server did not provide any stacktrace information)
Command duration or timeout: 2.64 seconds
Build info: version: &apos;2.25.0&apos;, revision: &apos;17482&apos;, time: &apos;2012-07-18 21:08:56&apos;
System info: os.name: &apos;Windows 7&apos;, os.arch: &apos;x86&apos;, os.version: &apos;6.1&apos;, java.version: &apos;1.7.0_05&apos;
Driver info: driver.version: RemoteWebDriver
Session ID: c5334d6c-d194-4fbc-8b3d-5aeec6e33080
Command duration or timeout: 5.20 seconds
Build info: version: &apos;2.25.0&apos;, revision: &apos;17482&apos;, time: &apos;2012-07-18 21:08:56&apos;
System info: os.name: &apos;Linux&apos;, os.arch: &apos;amd64&apos;, os.version: &apos;3.2.0-27-generic&apos;, java.version: &apos;1.6.0_24&apos;
Driver info: driver.version: RemoteWebDriver
Session ID: 1343517716926
	at java.lang.reflect.Constructor.newInstance(Constructor.java:532)
	at org.openqa.selenium.remote.ErrorHandler.createThrowable(ErrorHandler.java:188)
	at org.openqa.selenium.remote.ErrorHandler.throwIfResponseFailed(ErrorHandler.java:145)
	at org.openqa.selenium.remote.RemoteWebDriver.execute(RemoteWebDriver.java:498)
	at org.openqa.selenium.remote.RemoteWebElement.execute(RemoteWebElement.java:244)
	at org.openqa.selenium.remote.RemoteWebElement.click(RemoteWebElement.java:77)
	at com.moodle.testmanager.Navigation.navigateTree4DeepByXpath(Navigation.java:105)
	at com.moodle.testmanager.pageObjectModel.BlockSettings.navigateTreeMenuToAddNewUserPage(BlockSettings.java:70)
	at com.moodle.test.datacreation.MDLQADT2AddUsers.addSecondStudent(MDLQADT2AddUsers.java:115)
Caused by: org.openqa.selenium.remote.ScreenshotException: Screen shot has been taken
Build info: version: &apos;2.25.0&apos;, revision: &apos;17482&apos;, time: &apos;2012-07-18 21:08:56&apos;
System info: os.name: &apos;Linux&apos;, os.arch: &apos;amd64&apos;, os.version: &apos;3.2.0-27-generic&apos;, java.version: &apos;1.6.0_24&apos;
Driver info: driver.version: RemoteWebDriver
	at org.openqa.selenium.remote.ErrorHandler.throwIfResponseFailed(ErrorHandler.java:125)
Caused by: org.openqa.selenium.ElementNotVisibleException: Cannot click on element (WARNING: The server did not provide any stacktrace information)
Command duration or timeout: 2.64 seconds
Build info: version: &apos;2.25.0&apos;, revision: &apos;17482&apos;, time: &apos;2012-07-18 21:08:56&apos;
System info: os.name: &apos;Windows 7&apos;, os.arch: &apos;x86&apos;, os.version: &apos;6.1&apos;, java.version: &apos;1.7.0_05&apos;
Driver info: driver.version: RemoteWebDriver
Session ID: c5334d6c-d194-4fbc-8b3d-5aeec6e33080
Build info: version: &apos;2.25.0&apos;, revision: &apos;17482&apos;, time: &apos;2012-07-18 21:08:56&apos;
System info: os.name: &apos;Linux&apos;, os.arch: &apos;amd64&apos;, os.version: &apos;3.2.0-27-generic&apos;, java.version: &apos;1.6.0_24&apos;
Driver info: driver.version: RemoteWebDriver
	at java.lang.reflect.Constructor.newInstance(Unknown Source)
	at org.openqa.selenium.remote.ErrorHandler.createThrowable(ErrorHandler.java:188)
	at org.openqa.selenium.remote.ErrorHandler.throwIfResponseFailed(ErrorHandler.java:145)
	at org.openqa.selenium.remote.RemoteWebDriver.execute(RemoteWebDriver.java:498)
	at org.openqa.selenium.remote.RemoteWebElement.execute(RemoteWebElement.java:244)
	at org.openqa.selenium.remote.RemoteWebElement.click(RemoteWebElement.java:77)
	at org.openqa.selenium.support.events.EventFiringWebDriver$EventFiringWebElement$1.invoke(EventFiringWebDriver.java:327)
	at $Proxy3.click(Unknown Source)
	at org.openqa.selenium.support.events.EventFiringWebDriver$EventFiringWebElement.click(EventFiringWebDriver.java:340)
	at org.openqa.selenium.remote.server.KnownElements$1.invoke(KnownElements.java:63)
	at $Proxy4.click(Unknown Source)
	at org.openqa.selenium.remote.server.handler.ClickElement.call(ClickElement.java:29)
	at org.openqa.selenium.remote.server.handler.ClickElement.call(ClickElement.java:1)
	at java.util.concurrent.FutureTask$Sync.innerRun(Unknown Source)
	at java.util.concurrent.FutureTask.run(Unknown Source)
	at org.openqa.selenium.remote.server.DefaultSession$1.run(DefaultSession.java:150)
	at java.util.concurrent.ThreadPoolExecutor.runWorker(Unknown Source)
	at java.util.concurrent.ThreadPoolExecutor$Worker.run(Unknown Source)
	at java.lang.Thread.run(Unknown Source)
</error>
  </testcase>
  <testcase classname="com.moodle.test.datacreation.MDLQADT2AddUsers" name="addThirdStudent" time="29.564">
    <error message="Cannot click on element (WARNING: The server did not provide any stacktrace information)&#xa;Command duration or timeout: 681 milliseconds&#xa;Build info: version: &apos;2.25.0&apos;, revision: &apos;17482&apos;, time: &apos;2012-07-18 21:08:56&apos;&#xa;System info: os.name: &apos;Windows 7&apos;, os.arch: &apos;x86&apos;, os.version: &apos;6.1&apos;, java.version: &apos;1.7.0_05&apos;&#xa;Driver info: driver.version: RemoteWebDriver&#xa;Session ID: c5334d6c-d194-4fbc-8b3d-5aeec6e33080&#xa;Command duration or timeout: 2.24 seconds&#xa;Build info: version: &apos;2.25.0&apos;, revision: &apos;17482&apos;, time: &apos;2012-07-18 21:08:56&apos;&#xa;System info: os.name: &apos;Linux&apos;, os.arch: &apos;amd64&apos;, os.version: &apos;3.2.0-27-generic&apos;, java.version: &apos;1.6.0_24&apos;&#xa;Driver info: driver.version: RemoteWebDriver&#xa;Session ID: 1343517716926" type="org.openqa.selenium.ElementNotVisibleException">org.openqa.selenium.ElementNotVisibleException: Cannot click on element (WARNING: The server did not provide any stacktrace information)
Command duration or timeout: 681 milliseconds
Build info: version: &apos;2.25.0&apos;, revision: &apos;17482&apos;, time: &apos;2012-07-18 21:08:56&apos;
System info: os.name: &apos;Windows 7&apos;, os.arch: &apos;x86&apos;, os.version: &apos;6.1&apos;, java.version: &apos;1.7.0_05&apos;
Driver info: driver.version: RemoteWebDriver
Session ID: c5334d6c-d194-4fbc-8b3d-5aeec6e33080
Command duration or timeout: 2.24 seconds
Build info: version: &apos;2.25.0&apos;, revision: &apos;17482&apos;, time: &apos;2012-07-18 21:08:56&apos;
System info: os.name: &apos;Linux&apos;, os.arch: &apos;amd64&apos;, os.version: &apos;3.2.0-27-generic&apos;, java.version: &apos;1.6.0_24&apos;
Driver info: driver.version: RemoteWebDriver
Session ID: 1343517716926
	at java.lang.reflect.Constructor.newInstance(Constructor.java:532)
	at org.openqa.selenium.remote.ErrorHandler.createThrowable(ErrorHandler.java:188)
	at org.openqa.selenium.remote.ErrorHandler.throwIfResponseFailed(ErrorHandler.java:145)
	at org.openqa.selenium.remote.RemoteWebDriver.execute(RemoteWebDriver.java:498)
	at org.openqa.selenium.remote.RemoteWebElement.execute(RemoteWebElement.java:244)
	at org.openqa.selenium.remote.RemoteWebElement.click(RemoteWebElement.java:77)
	at com.moodle.testmanager.Navigation.navigateTree4DeepByXpath(Navigation.java:107)
	at com.moodle.testmanager.pageObjectModel.BlockSettings.navigateTreeMenuToAddNewUserPage(BlockSettings.java:70)
	at com.moodle.test.datacreation.MDLQADT2AddUsers.addThirdStudent(MDLQADT2AddUsers.java:130)
Caused by: org.openqa.selenium.remote.ScreenshotException: Screen shot has been taken
Build info: version: &apos;2.25.0&apos;, revision: &apos;17482&apos;, time: &apos;2012-07-18 21:08:56&apos;
System info: os.name: &apos;Linux&apos;, os.arch: &apos;amd64&apos;, os.version: &apos;3.2.0-27-generic&apos;, java.version: &apos;1.6.0_24&apos;
Driver info: driver.version: RemoteWebDriver
	at org.openqa.selenium.remote.ErrorHandler.throwIfResponseFailed(ErrorHandler.java:125)
Caused by: org.openqa.selenium.ElementNotVisibleException: Cannot click on element (WARNING: The server did not provide any stacktrace information)
Command duration or timeout: 681 milliseconds
Build info: version: &apos;2.25.0&apos;, revision: &apos;17482&apos;, time: &apos;2012-07-18 21:08:56&apos;
System info: os.name: &apos;Windows 7&apos;, os.arch: &apos;x86&apos;, os.version: &apos;6.1&apos;, java.version: &apos;1.7.0_05&apos;
Driver info: driver.version: RemoteWebDriver
Session ID: c5334d6c-d194-4fbc-8b3d-5aeec6e33080
Build info: version: &apos;2.25.0&apos;, revision: &apos;17482&apos;, time: &apos;2012-07-18 21:08:56&apos;
System info: os.name: &apos;Linux&apos;, os.arch: &apos;amd64&apos;, os.version: &apos;3.2.0-27-generic&apos;, java.version: &apos;1.6.0_24&apos;
Driver info: driver.version: RemoteWebDriver
	at java.lang.reflect.Constructor.newInstance(Unknown Source)
	at org.openqa.selenium.remote.ErrorHandler.createThrowable(ErrorHandler.java:188)
	at org.openqa.selenium.remote.ErrorHandler.throwIfResponseFailed(ErrorHandler.java:145)
	at org.openqa.selenium.remote.RemoteWebDriver.execute(RemoteWebDriver.java:498)
	at org.openqa.selenium.remote.RemoteWebElement.execute(RemoteWebElement.java:244)
	at org.openqa.selenium.remote.RemoteWebElement.click(RemoteWebElement.java:77)
	at org.openqa.selenium.support.events.EventFiringWebDriver$EventFiringWebElement$1.invoke(EventFiringWebDriver.java:327)
	at $Proxy3.click(Unknown Source)
	at org.openqa.selenium.support.events.EventFiringWebDriver$EventFiringWebElement.click(EventFiringWebDriver.java:340)
	at org.openqa.selenium.remote.server.KnownElements$1.invoke(KnownElements.java:63)
	at $Proxy4.click(Unknown Source)
	at org.openqa.selenium.remote.server.handler.ClickElement.call(ClickElement.java:29)
	at org.openqa.selenium.remote.server.handler.ClickElement.call(ClickElement.java:1)
	at java.util.concurrent.FutureTask$Sync.innerRun(Unknown Source)
	at java.util.concurrent.FutureTask.run(Unknown Source)
	at org.openqa.selenium.remote.server.DefaultSession$1.run(DefaultSession.java:150)
	at java.util.concurrent.ThreadPoolExecutor.runWorker(Unknown Source)
	at java.util.concurrent.ThreadPoolExecutor$Worker.run(Unknown Source)
	at java.lang.Thread.run(Unknown Source)
</error>
  </testcase>
  <testcase classname="com.moodle.test.datacreation.MDLQADT2AddUsers" name="addFourthStudent" time="9.856">
    <error message="Cannot click on element (WARNING: The server did not provide any stacktrace information)&#xa;Command duration or timeout: 671 milliseconds&#xa;Build info: version: &apos;2.25.0&apos;, revision: &apos;17482&apos;, time: &apos;2012-07-18 21:08:56&apos;&#xa;System info: os.name: &apos;Windows 7&apos;, os.arch: &apos;x86&apos;, os.version: &apos;6.1&apos;, java.version: &apos;1.7.0_05&apos;&#xa;Driver info: driver.version: RemoteWebDriver&#xa;Session ID: c5334d6c-d194-4fbc-8b3d-5aeec6e33080&#xa;Command duration or timeout: 1.97 seconds&#xa;Build info: version: &apos;2.25.0&apos;, revision: &apos;17482&apos;, time: &apos;2012-07-18 21:08:56&apos;&#xa;System info: os.name: &apos;Linux&apos;, os.arch: &apos;amd64&apos;, os.version: &apos;3.2.0-27-generic&apos;, java.version: &apos;1.6.0_24&apos;&#xa;Driver info: driver.version: RemoteWebDriver&#xa;Session ID: 1343517716926" type="org.openqa.selenium.ElementNotVisibleException">org.openqa.selenium.ElementNotVisibleException: Cannot click on element (WARNING: The server did not provide any stacktrace information)
Command duration or timeout: 671 milliseconds
Build info: version: &apos;2.25.0&apos;, revision: &apos;17482&apos;, time: &apos;2012-07-18 21:08:56&apos;
System info: os.name: &apos;Windows 7&apos;, os.arch: &apos;x86&apos;, os.version: &apos;6.1&apos;, java.version: &apos;1.7.0_05&apos;
Driver info: driver.version: RemoteWebDriver
Session ID: c5334d6c-d194-4fbc-8b3d-5aeec6e33080
Command duration or timeout: 1.97 seconds
Build info: version: &apos;2.25.0&apos;, revision: &apos;17482&apos;, time: &apos;2012-07-18 21:08:56&apos;
System info: os.name: &apos;Linux&apos;, os.arch: &apos;amd64&apos;, os.version: &apos;3.2.0-27-generic&apos;, java.version: &apos;1.6.0_24&apos;
Driver info: driver.version: RemoteWebDriver
Session ID: 1343517716926
	at java.lang.reflect.Constructor.newInstance(Constructor.java:532)
	at org.openqa.selenium.remote.ErrorHandler.createThrowable(ErrorHandler.java:188)
	at org.openqa.selenium.remote.ErrorHandler.throwIfResponseFailed(ErrorHandler.java:145)
	at org.openqa.selenium.remote.RemoteWebDriver.execute(RemoteWebDriver.java:498)
	at org.openqa.selenium.remote.RemoteWebElement.execute(RemoteWebElement.java:244)
	at org.openqa.selenium.remote.RemoteWebElement.click(RemoteWebElement.java:77)
	at com.moodle.testmanager.Navigation.navigateTree4DeepByXpath(Navigation.java:105)
	at com.moodle.testmanager.pageObjectModel.BlockSettings.navigateTreeMenuToAddNewUserPage(BlockSettings.java:70)
	at com.moodle.test.datacreation.MDLQADT2AddUsers.addFourthStudent(MDLQADT2AddUsers.java:145)
Caused by: org.openqa.selenium.remote.ScreenshotException: Screen shot has been taken
Build info: version: &apos;2.25.0&apos;, revision: &apos;17482&apos;, time: &apos;2012-07-18 21:08:56&apos;
System info: os.name: &apos;Linux&apos;, os.arch: &apos;amd64&apos;, os.version: &apos;3.2.0-27-generic&apos;, java.version: &apos;1.6.0_24&apos;
Driver info: driver.version: RemoteWebDriver
	at org.openqa.selenium.remote.ErrorHandler.throwIfResponseFailed(ErrorHandler.java:125)
Caused by: org.openqa.selenium.ElementNotVisibleException: Cannot click on element (WARNING: The server did not provide any stacktrace information)
Command duration or timeout: 671 milliseconds
Build info: version: &apos;2.25.0&apos;, revision: &apos;17482&apos;, time: &apos;2012-07-18 21:08:56&apos;
System info: os.name: &apos;Windows 7&apos;, os.arch: &apos;x86&apos;, os.version: &apos;6.1&apos;, java.version: &apos;1.7.0_05&apos;
Driver info: driver.version: RemoteWebDriver
Session ID: c5334d6c-d194-4fbc-8b3d-5aeec6e33080
Build info: version: &apos;2.25.0&apos;, revision: &apos;17482&apos;, time: &apos;2012-07-18 21:08:56&apos;
System info: os.name: &apos;Linux&apos;, os.arch: &apos;amd64&apos;, os.version: &apos;3.2.0-27-generic&apos;, java.version: &apos;1.6.0_24&apos;
Driver info: driver.version: RemoteWebDriver
	at java.lang.reflect.Constructor.newInstance(Unknown Source)
	at org.openqa.selenium.remote.ErrorHandler.createThrowable(ErrorHandler.java:188)
	at org.openqa.selenium.remote.ErrorHandler.throwIfResponseFailed(ErrorHandler.java:145)
	at org.openqa.selenium.remote.RemoteWebDriver.execute(RemoteWebDriver.java:498)
	at org.openqa.selenium.remote.RemoteWebElement.execute(RemoteWebElement.java:244)
	at org.openqa.selenium.remote.RemoteWebElement.click(RemoteWebElement.java:77)
	at org.openqa.selenium.support.events.EventFiringWebDriver$EventFiringWebElement$1.invoke(EventFiringWebDriver.java:327)
	at $Proxy3.click(Unknown Source)
	at org.openqa.selenium.support.events.EventFiringWebDriver$EventFiringWebElement.click(EventFiringWebDriver.java:340)
	at org.openqa.selenium.remote.server.KnownElements$1.invoke(KnownElements.java:63)
	at $Proxy4.click(Unknown Source)
	at org.openqa.selenium.remote.server.handler.ClickElement.call(ClickElement.java:29)
	at org.openqa.selenium.remote.server.handler.ClickElement.call(ClickElement.java:1)
	at java.util.concurrent.FutureTask$Sync.innerRun(Unknown Source)
	at java.util.concurrent.FutureTask.run(Unknown Source)
	at org.openqa.selenium.remote.server.DefaultSession$1.run(DefaultSession.java:150)
	at java.util.concurrent.ThreadPoolExecutor.runWorker(Unknown Source)
	at java.util.concurrent.ThreadPoolExecutor$Worker.run(Unknown Source)
	at java.lang.Thread.run(Unknown Source)
</error>
  </testcase>
  <testcase classname="com.moodle.test.datacreation.MDLQADT2AddUsers" name="addFifthStudent" time="30.275">
    <error message="Element is not displayed (WARNING: The server did not provide any stacktrace information)&#xa;Command duration or timeout: 3.87 seconds&#xa;Build info: version: &apos;2.25.0&apos;, revision: &apos;17482&apos;, time: &apos;2012-07-18 21:08:56&apos;&#xa;System info: os.name: &apos;Windows 7&apos;, os.arch: &apos;x86&apos;, os.version: &apos;6.1&apos;, java.version: &apos;1.7.0_05&apos;&#xa;Driver info: driver.version: RemoteWebDriver&#xa;Session ID: c5334d6c-d194-4fbc-8b3d-5aeec6e33080&#xa;Command duration or timeout: 10.09 seconds&#xa;Build info: version: &apos;2.25.0&apos;, revision: &apos;17482&apos;, time: &apos;2012-07-18 21:08:56&apos;&#xa;System info: os.name: &apos;Linux&apos;, os.arch: &apos;amd64&apos;, os.version: &apos;3.2.0-27-generic&apos;, java.version: &apos;1.6.0_24&apos;&#xa;Driver info: driver.version: RemoteWebDriver&#xa;Session ID: 1343517716926" type="org.openqa.selenium.ElementNotVisibleException">org.openqa.selenium.ElementNotVisibleException: Element is not displayed (WARNING: The server did not provide any stacktrace information)
Command duration or timeout: 3.87 seconds
Build info: version: &apos;2.25.0&apos;, revision: &apos;17482&apos;, time: &apos;2012-07-18 21:08:56&apos;
System info: os.name: &apos;Windows 7&apos;, os.arch: &apos;x86&apos;, os.version: &apos;6.1&apos;, java.version: &apos;1.7.0_05&apos;
Driver info: driver.version: RemoteWebDriver
Session ID: c5334d6c-d194-4fbc-8b3d-5aeec6e33080
Command duration or timeout: 10.09 seconds
Build info: version: &apos;2.25.0&apos;, revision: &apos;17482&apos;, time: &apos;2012-07-18 21:08:56&apos;
System info: os.name: &apos;Linux&apos;, os.arch: &apos;amd64&apos;, os.version: &apos;3.2.0-27-generic&apos;, java.version: &apos;1.6.0_24&apos;
Driver info: driver.version: RemoteWebDriver
Session ID: 1343517716926
	at java.lang.reflect.Constructor.newInstance(Constructor.java:532)
	at org.openqa.selenium.remote.ErrorHandler.createThrowable(ErrorHandler.java:188)
	at org.openqa.selenium.remote.ErrorHandler.throwIfResponseFailed(ErrorHandler.java:145)
	at org.openqa.selenium.remote.RemoteWebDriver.execute(RemoteWebDriver.java:498)
	at org.openqa.selenium.remote.RemoteWebElement.execute(RemoteWebElement.java:244)
	at org.openqa.selenium.remote.RemoteWebElement.sendKeys(RemoteWebElement.java:87)
	at com.moodle.testmanager.pageObjectModel.UsersAddNewUser.enterUsername(UsersAddNewUser.java:45)
	at com.moodle.test.datacreation.MDLQADT2AddUsers.addFifthStudent(MDLQADT2AddUsers.java:162)
Caused by: org.openqa.selenium.remote.ScreenshotException: Screen shot has been taken
Build info: version: &apos;2.25.0&apos;, revision: &apos;17482&apos;, time: &apos;2012-07-18 21:08:56&apos;
System info: os.name: &apos;Linux&apos;, os.arch: &apos;amd64&apos;, os.version: &apos;3.2.0-27-generic&apos;, java.version: &apos;1.6.0_24&apos;
Driver info: driver.version: RemoteWebDriver
	at org.openqa.selenium.remote.ErrorHandler.throwIfResponseFailed(ErrorHandler.java:125)
Caused by: org.openqa.selenium.ElementNotVisibleException: Element is not displayed (WARNING: The server did not provide any stacktrace information)
Command duration or timeout: 3.87 seconds
Build info: version: &apos;2.25.0&apos;, revision: &apos;17482&apos;, time: &apos;2012-07-18 21:08:56&apos;
System info: os.name: &apos;Windows 7&apos;, os.arch: &apos;x86&apos;, os.version: &apos;6.1&apos;, java.version: &apos;1.7.0_05&apos;
Driver info: driver.version: RemoteWebDriver
Session ID: c5334d6c-d194-4fbc-8b3d-5aeec6e33080
Build info: version: &apos;2.25.0&apos;, revision: &apos;17482&apos;, time: &apos;2012-07-18 21:08:56&apos;
System info: os.name: &apos;Linux&apos;, os.arch: &apos;amd64&apos;, os.version: &apos;3.2.0-27-generic&apos;, java.version: &apos;1.6.0_24&apos;
Driver info: driver.version: RemoteWebDriver
	at java.lang.reflect.Constructor.newInstance(Unknown Source)
	at org.openqa.selenium.remote.ErrorHandler.createThrowable(ErrorHandler.java:188)
	at org.openqa.selenium.remote.ErrorHandler.throwIfResponseFailed(ErrorHandler.java:145)
	at org.openqa.selenium.remote.RemoteWebDriver.execute(RemoteWebDriver.java:498)
	at org.openqa.selenium.remote.RemoteWebElement.execute(RemoteWebElement.java:244)
	at org.openqa.selenium.remote.RemoteWebElement.sendKeys(RemoteWebElement.java:87)
	at org.openqa.selenium.support.events.EventFiringWebDriver$EventFiringWebElement$1.invoke(EventFiringWebDriver.java:327)
	at $Proxy3.sendKeys(Unknown Source)
	at org.openqa.selenium.support.events.EventFiringWebDriver$EventFiringWebElement.sendKeys(EventFiringWebDriver.java:350)
	at org.openqa.selenium.remote.server.KnownElements$1.invoke(KnownElements.java:63)
	at $Proxy4.sendKeys(Unknown Source)
	at org.openqa.selenium.remote.server.handler.SendKeys.call(SendKeys.java:49)
	at org.openqa.selenium.remote.server.handler.SendKeys.call(SendKeys.java:1)
	at java.util.concurrent.FutureTask$Sync.innerRun(Unknown Source)
	at java.util.concurrent.FutureTask.run(Unknown Source)
	at org.openqa.selenium.remote.server.DefaultSession$1.run(DefaultSession.java:150)
	at java.util.concurrent.ThreadPoolExecutor.runWorker(Unknown Source)
	at java.util.concurrent.ThreadPoolExecutor$Worker.run(Unknown Source)
	at java.lang.Thread.run(Unknown Source)
</error>
  </testcase>
  <testcase classname="com.moodle.test.datacreation.MDLQADT2AddUsers" name="addSixthStudent" time="60.729" />
  <testcase classname="com.moodle.test.datacreation.MDLQADT2AddUsers" name="addSeventhStudent" time="14.384">
    <error message="Error determining if element is displayed (WARNING: The server did not provide any stacktrace information)&#xa;Command duration or timeout: 8.14 seconds&#xa;Build info: version: &apos;2.25.0&apos;, revision: &apos;17482&apos;, time: &apos;2012-07-18 21:08:56&apos;&#xa;System info: os.name: &apos;Windows 7&apos;, os.arch: &apos;x86&apos;, os.version: &apos;6.1&apos;, java.version: &apos;1.7.0_05&apos;&#xa;Driver info: driver.version: RemoteWebDriver&#xa;Session ID: c5334d6c-d194-4fbc-8b3d-5aeec6e33080&#xa;Command duration or timeout: 11.93 seconds&#xa;Build info: version: &apos;2.25.0&apos;, revision: &apos;17482&apos;, time: &apos;2012-07-18 21:08:56&apos;&#xa;System info: os.name: &apos;Linux&apos;, os.arch: &apos;amd64&apos;, os.version: &apos;3.2.0-27-generic&apos;, java.version: &apos;1.6.0_24&apos;&#xa;Driver info: driver.version: RemoteWebDriver&#xa;Session ID: 1343517716926" type="org.openqa.selenium.WebDriverException">org.openqa.selenium.WebDriverException: Error determining if element is displayed (WARNING: The server did not provide any stacktrace information)
Command duration or timeout: 8.14 seconds
Build info: version: &apos;2.25.0&apos;, revision: &apos;17482&apos;, time: &apos;2012-07-18 21:08:56&apos;
System info: os.name: &apos;Windows 7&apos;, os.arch: &apos;x86&apos;, os.version: &apos;6.1&apos;, java.version: &apos;1.7.0_05&apos;
Driver info: driver.version: RemoteWebDriver
Session ID: c5334d6c-d194-4fbc-8b3d-5aeec6e33080
Command duration or timeout: 11.93 seconds
Build info: version: &apos;2.25.0&apos;, revision: &apos;17482&apos;, time: &apos;2012-07-18 21:08:56&apos;
System info: os.name: &apos;Linux&apos;, os.arch: &apos;amd64&apos;, os.version: &apos;3.2.0-27-generic&apos;, java.version: &apos;1.6.0_24&apos;
Driver info: driver.version: RemoteWebDriver
Session ID: 1343517716926
	at java.lang.reflect.Constructor.newInstance(Constructor.java:532)
	at org.openqa.selenium.remote.ErrorHandler.createThrowable(ErrorHandler.java:188)
	at org.openqa.selenium.remote.ErrorHandler.throwIfResponseFailed(ErrorHandler.java:145)
	at org.openqa.selenium.remote.RemoteWebDriver.execute(RemoteWebDriver.java:498)
	at org.openqa.selenium.remote.RemoteWebElement.execute(RemoteWebElement.java:244)
	at org.openqa.selenium.remote.RemoteWebElement.isDisplayed(RemoteWebElement.java:293)
	at com.moodle.testmanager.Navigation.navigateTree4DeepByXpath(Navigation.java:91)
	at com.moodle.testmanager.pageObjectModel.BlockSettings.navigateTreeMenuToAddNewUserPage(BlockSettings.java:70)
	at com.moodle.test.datacreation.MDLQADT2AddUsers.addSeventhStudent(MDLQADT2AddUsers.java:190)
Caused by: org.openqa.selenium.remote.ScreenshotException: Screen shot has been taken
Build info: version: &apos;2.25.0&apos;, revision: &apos;17482&apos;, time: &apos;2012-07-18 21:08:56&apos;
System info: os.name: &apos;Linux&apos;, os.arch: &apos;amd64&apos;, os.version: &apos;3.2.0-27-generic&apos;, java.version: &apos;1.6.0_24&apos;
Driver info: driver.version: RemoteWebDriver
	at org.openqa.selenium.remote.ErrorHandler.throwIfResponseFailed(ErrorHandler.java:125)
Caused by: org.openqa.selenium.WebDriverException: Error determining if element is displayed (WARNING: The server did not provide any stacktrace information)
Command duration or timeout: 8.14 seconds
Build info: version: &apos;2.25.0&apos;, revision: &apos;17482&apos;, time: &apos;2012-07-18 21:08:56&apos;
System info: os.name: &apos;Windows 7&apos;, os.arch: &apos;x86&apos;, os.version: &apos;6.1&apos;, java.version: &apos;1.7.0_05&apos;
Driver info: driver.version: RemoteWebDriver
Session ID: c5334d6c-d194-4fbc-8b3d-5aeec6e33080
Build info: version: &apos;2.25.0&apos;, revision: &apos;17482&apos;, time: &apos;2012-07-18 21:08:56&apos;
System info: os.name: &apos;Linux&apos;, os.arch: &apos;amd64&apos;, os.version: &apos;3.2.0-27-generic&apos;, java.version: &apos;1.6.0_24&apos;
Driver info: driver.version: RemoteWebDriver
	at java.lang.reflect.Constructor.newInstance(Unknown Source)
	at org.openqa.selenium.remote.ErrorHandler.createThrowable(ErrorHandler.java:188)
	at org.openqa.selenium.remote.ErrorHandler.throwIfResponseFailed(ErrorHandler.java:145)
	at org.openqa.selenium.remote.RemoteWebDriver.execute(RemoteWebDriver.java:498)
	at org.openqa.selenium.remote.RemoteWebElement.execute(RemoteWebElement.java:244)
	at org.openqa.selenium.remote.RemoteWebElement.isDisplayed(RemoteWebElement.java:293)
	at org.openqa.selenium.support.events.EventFiringWebDriver$EventFiringWebElement$1.invoke(EventFiringWebDriver.java:327)
	at $Proxy3.isDisplayed(Unknown Source)
	at org.openqa.selenium.support.events.EventFiringWebDriver$EventFiringWebElement.isDisplayed(EventFiringWebDriver.java:381)
	at org.openqa.selenium.remote.server.KnownElements$1.invoke(KnownElements.java:63)
	at $Proxy4.isDisplayed(Unknown Source)
	at org.openqa.selenium.remote.server.handler.GetElementDisplayed.call(GetElementDisplayed.java:31)
	at org.openqa.selenium.remote.server.handler.GetElementDisplayed.call(GetElementDisplayed.java:1)
	at java.util.concurrent.FutureTask$Sync.innerRun(Unknown Source)
	at java.util.concurrent.FutureTask.run(Unknown Source)
	at org.openqa.selenium.remote.server.DefaultSession$1.run(DefaultSession.java:150)
	at java.util.concurrent.ThreadPoolExecutor.runWorker(Unknown Source)
	at java.util.concurrent.ThreadPoolExecutor$Worker.run(Unknown Source)
	at java.lang.Thread.run(Unknown Source)
</error>
  </testcase>
  <testcase classname="com.moodle.test.datacreation.MDLQADT2AddUsers" name="addEighthStudent" time="60.778" />
  <testcase classname="com.moodle.test.datacreation.MDLQADT2AddUsers" name="addNinthStudent" time="43.906" />
  <testcase classname="com.moodle.test.datacreation.MDLQADT2AddUsers" name="addTenthStudent" time="12.441">
    <error message="Element is no longer valid (WARNING: The server did not provide any stacktrace information)&#xa;Command duration or timeout: 1.30 seconds&#xa;For documentation on this error, please visit: http://seleniumhq.org/exceptions/stale_element_reference.html&#xa;Build info: version: &apos;2.25.0&apos;, revision: &apos;17482&apos;, time: &apos;2012-07-18 21:08:56&apos;&#xa;System info: os.name: &apos;Windows 7&apos;, os.arch: &apos;x86&apos;, os.version: &apos;6.1&apos;, java.version: &apos;1.7.0_05&apos;&#xa;Driver info: driver.version: RemoteWebDriver&#xa;Session ID: c5334d6c-d194-4fbc-8b3d-5aeec6e33080&#xa;Command duration or timeout: 4.53 seconds&#xa;For documentation on this error, please visit: http://seleniumhq.org/exceptions/stale_element_reference.html&#xa;Build info: version: &apos;2.25.0&apos;, revision: &apos;17482&apos;, time: &apos;2012-07-18 21:08:56&apos;&#xa;System info: os.name: &apos;Linux&apos;, os.arch: &apos;amd64&apos;, os.version: &apos;3.2.0-27-generic&apos;, java.version: &apos;1.6.0_24&apos;&#xa;Driver info: driver.version: RemoteWebDriver&#xa;Session ID: 1343517716926" type="org.openqa.selenium.StaleElementReferenceException">org.openqa.selenium.StaleElementReferenceException: Element is no longer valid (WARNING: The server did not provide any stacktrace information)
Command duration or timeout: 1.30 seconds
For documentation on this error, please visit: http://seleniumhq.org/exceptions/stale_element_reference.html
Build info: version: &apos;2.25.0&apos;, revision: &apos;17482&apos;, time: &apos;2012-07-18 21:08:56&apos;
System info: os.name: &apos;Windows 7&apos;, os.arch: &apos;x86&apos;, os.version: &apos;6.1&apos;, java.version: &apos;1.7.0_05&apos;
Driver info: driver.version: RemoteWebDriver
Session ID: c5334d6c-d194-4fbc-8b3d-5aeec6e33080
Command duration or timeout: 4.53 seconds
For documentation on this error, please visit: http://seleniumhq.org/exceptions/stale_element_reference.html
Build info: version: &apos;2.25.0&apos;, revision: &apos;17482&apos;, time: &apos;2012-07-18 21:08:56&apos;
System info: os.name: &apos;Linux&apos;, os.arch: &apos;amd64&apos;, os.version: &apos;3.2.0-27-generic&apos;, java.version: &apos;1.6.0_24&apos;
Driver info: driver.version: RemoteWebDriver
Session ID: 1343517716926
	at java.lang.reflect.Constructor.newInstance(Constructor.java:532)
	at org.openqa.selenium.remote.ErrorHandler.createThrowable(ErrorHandler.java:188)
	at org.openqa.selenium.remote.ErrorHandler.throwIfResponseFailed(ErrorHandler.java:145)
	at org.openqa.selenium.remote.RemoteWebDriver.execute(RemoteWebDriver.java:498)
	at org.openqa.selenium.remote.RemoteWebElement.execute(RemoteWebElement.java:244)
	at org.openqa.selenium.remote.RemoteWebElement.isDisplayed(RemoteWebElement.java:293)
	at com.moodle.testmanager.Navigation.navigateTree4DeepByXpath(Navigation.java:91)
	at com.moodle.testmanager.pageObjectModel.BlockSettings.navigateTreeMenuToAddNewUserPage(BlockSettings.java:70)
	at com.moodle.test.datacreation.MDLQADT2AddUsers.addTenthStudent(MDLQADT2AddUsers.java:235)
Caused by: org.openqa.selenium.remote.ScreenshotException: Screen shot has been taken
Build info: version: &apos;2.25.0&apos;, revision: &apos;17482&apos;, time: &apos;2012-07-18 21:08:56&apos;
System info: os.name: &apos;Linux&apos;, os.arch: &apos;amd64&apos;, os.version: &apos;3.2.0-27-generic&apos;, java.version: &apos;1.6.0_24&apos;
Driver info: driver.version: RemoteWebDriver
	at org.openqa.selenium.remote.ErrorHandler.throwIfResponseFailed(ErrorHandler.java:125)
Caused by: org.openqa.selenium.StaleElementReferenceException: Element is no longer valid (WARNING: The server did not provide any stacktrace information)
Command duration or timeout: 1.30 seconds
For documentation on this error, please visit: http://seleniumhq.org/exceptions/stale_element_reference.html
Build info: version: &apos;2.25.0&apos;, revision: &apos;17482&apos;, time: &apos;2012-07-18 21:08:56&apos;
System info: os.name: &apos;Windows 7&apos;, os.arch: &apos;x86&apos;, os.version: &apos;6.1&apos;, java.version: &apos;1.7.0_05&apos;
Driver info: driver.version: RemoteWebDriver
Session ID: c5334d6c-d194-4fbc-8b3d-5aeec6e33080
For documentation on this error, please visit: http://seleniumhq.org/exceptions/stale_element_reference.html
Build info: version: &apos;2.25.0&apos;, revision: &apos;17482&apos;, time: &apos;2012-07-18 21:08:56&apos;
System info: os.name: &apos;Linux&apos;, os.arch: &apos;amd64&apos;, os.version: &apos;3.2.0-27-generic&apos;, java.version: &apos;1.6.0_24&apos;
Driver info: driver.version: RemoteWebDriver
	at java.lang.reflect.Constructor.newInstance(Unknown Source)
	at org.openqa.selenium.remote.ErrorHandler.createThrowable(ErrorHandler.java:188)
	at org.openqa.selenium.remote.ErrorHandler.throwIfResponseFailed(ErrorHandler.java:145)
	at org.openqa.selenium.remote.RemoteWebDriver.execute(RemoteWebDriver.java:498)
	at org.openqa.selenium.remote.RemoteWebElement.execute(RemoteWebElement.java:244)
	at org.openqa.selenium.remote.RemoteWebElement.isDisplayed(RemoteWebElement.java:293)
	at org.openqa.selenium.support.events.EventFiringWebDriver$EventFiringWebElement$1.invoke(EventFiringWebDriver.java:327)
	at $Proxy3.isDisplayed(Unknown Source)
	at org.openqa.selenium.support.events.EventFiringWebDriver$EventFiringWebElement.isDisplayed(EventFiringWebDriver.java:381)
	at org.openqa.selenium.remote.server.KnownElements$1.invoke(KnownElements.java:63)
	at $Proxy4.isDisplayed(Unknown Source)
	at org.openqa.selenium.remote.server.handler.GetElementDisplayed.call(GetElementDisplayed.java:31)
	at org.openqa.selenium.remote.server.handler.GetElementDisplayed.call(GetElementDisplayed.java:1)
	at java.util.concurrent.FutureTask$Sync.innerRun(Unknown Source)
	at java.util.concurrent.FutureTask.run(Unknown Source)
	at org.openqa.selenium.remote.server.DefaultSession$1.run(DefaultSession.java:150)
	at java.util.concurrent.ThreadPoolExecutor.runWorker(Unknown Source)
	at java.util.concurrent.ThreadPoolExecutor$Worker.run(Unknown Source)
	at java.lang.Thread.run(Unknown Source)
</error>
  </testcase>
  <testcase classname="com.moodle.test.datacreation.MDLQADT2AddUsers" name="addEleventhStudent" time="46.001" />
  <system-out><![CDATA[]]></system-out>
  <system-err><![CDATA[]]></system-err>
</testsuite>
