<?xml version="1.0" encoding="UTF-8" ?>
<testsuite errors="0" failures="0" hostname="tim.moodle.local" name="com.moodle.datacreation.MDLQADT1AddCourse" tests="3" time="11.062" timestamp="2012-05-02T07:51:02">
  <properties>
    <property name="ant.project.invoked-targets" value="run_tests" />
    <property name="java.runtime.name" value="OpenJDK Runtime Environment" />
    <property name="sun.boot.library.path" value="/usr/lib/jvm/java-6-openjdk-amd64/jre/lib/amd64" />
    <property name="java.vm.version" value="20.0-b12" />
    <property name="ant.library.dir" value="/home/tim/apps/eclipse/plugins/org.apache.ant_1.8.2.v20120109-1030/lib" />
    <property name="testresults" value="/home/tim/Selenium tests/SeleniumTests/junit-results" />
    <property name="ant.version" value="Apache Ant(TM) version 1.8.2 compiled on December 20 2010" />
    <property name="ant.java.version" value="1.6" />
    <property name="java.vm.vendor" value="Sun Microsystems Inc." />
    <property name="java.vendor.url" value="http://java.sun.com/" />
    <property name="path.separator" value=":" />
    <property name="java.vm.name" value="OpenJDK 64-Bit Server VM" />
    <property name="file.encoding.pkg" value="sun.io" />
    <property name="user.country" value="AU" />
    <property name="sun.java.launcher" value="SUN_STANDARD" />
    <property name="sun.os.patch.level" value="unknown" />
    <property name="java.vm.specification.name" value="Java Virtual Machine Specification" />
    <property name="user.dir" value="/home/tim/Selenium tests/SeleniumTests" />
    <property name="java.runtime.version" value="1.6.0_24-b24" />
    <property name="java.awt.graphicsenv" value="sun.awt.X11GraphicsEnvironment" />
    <property name="eclipse.pdebuild.scripts" value="/home/tim/apps/eclipse/plugins/org.eclipse.pde.build_3.7.0.v20111116-2009/scripts//" />
    <property name="basedir" value="/home/tim/Selenium tests/SeleniumTests" />
    <property name="java.endorsed.dirs" value="/usr/lib/jvm/java-6-openjdk-amd64/jre/lib/endorsed" />
    <property name="os.arch" value="amd64" />
    <property name="ant.project.default-target" value="all_selenium_tests" />
    <property name="java.io.tmpdir" value="/tmp" />
    <property name="ant.core.lib" value="/home/tim/apps/eclipse/plugins/org.apache.ant_1.8.2.v20120109-1030/lib/ant.jar" />
    <property name="line.separator" value="&#xa;" />
    <property name="java.vm.specification.vendor" value="Sun Microsystems Inc." />
    <property name="testreport" value="/home/tim/Selenium tests/SeleniumTests/junit-report" />
    <property name="os.name" value="Linux" />
    <property name="ant.home" value="/home/tim/apps/eclipse/plugins/org.apache.ant_1.8.2.v20120109-1030" />
    <property name="eclipse.pdebuild.templates" value="/home/tim/apps/eclipse/plugins/org.eclipse.pde.build_3.7.0.v20111116-2009/templates//" />
    <property name="ant.project.name" value="Run Selenium Tests" />
    <property name="sun.jnu.encoding" value="UTF-8" />
    <property name="java.library.path" value="/usr/lib/jvm/java-6-openjdk-amd64/jre/lib/amd64/server:/usr/lib/jvm/java-6-openjdk-amd64/jre/lib/amd64:/usr/lib/jvm/java-6-openjdk-amd64/jre/../lib/amd64:/usr/java/packages/lib/amd64:/usr/lib/x86_64-linux-gnu/jni:/lib/x86_64-linux-gnu:/usr/lib/x86_64-linux-gnu:/usr/lib/jni:/lib:/usr/lib" />
    <property name="eclipse.pdebuild.home" value="/home/tim/apps/eclipse/plugins/org.eclipse.pde.build_3.7.0.v20111116-2009/.//" />
    <property name="src" value="/home/tim/Selenium tests/SeleniumTests/src" />
    <property name="java.class.version" value="50.0" />
    <property name="java.specification.name" value="Java Platform API Specification" />
    <property name="sun.management.compiler" value="HotSpot 64-Bit Tiered Compilers" />
    <property name="os.version" value="3.2.0-23-generic" />
    <property name="ant.file" value="/home/tim/Selenium tests/SeleniumTests/build.xml" />
    <property name="user.home" value="/home/tim" />
    <property name="user.timezone" value="" />
    <property name="java.awt.printerjob" value="sun.print.PSPrinterJob" />
    <property name="java.specification.version" value="1.6" />
    <property name="file.encoding" value="UTF-8" />
    <property name="java.class.path" value="/home/tim/Selenium tests/SeleniumTests/lib/junit-4.10.jar:/home/tim/Selenium tests/SeleniumTests/lib/selenium-2.20.0/selenium-java-2.20.0.jar:/home/tim/Selenium tests/SeleniumTests/lib/selenium-2.20.0/selenium-java-2.20.0-srcs.jar:/home/tim/Selenium tests/SeleniumTests/lib/selenium-server-standalone-2.20.0.jar:/home/tim/Selenium tests/SeleniumTests/lib/selenium-2.20.0/libs/apache-mime4j-0.6.jar:/home/tim/Selenium tests/SeleniumTests/lib/selenium-2.20.0/libs/bsh-1.3.0.jar:/home/tim/Selenium tests/SeleniumTests/lib/selenium-2.20.0/libs/cglib-nodep-2.1_3.jar:/home/tim/Selenium tests/SeleniumTests/lib/selenium-2.20.0/libs/commons-codec-1.6.jar:/home/tim/Selenium tests/SeleniumTests/lib/selenium-2.20.0/libs/commons-collections-3.2.1.jar:/home/tim/Selenium tests/SeleniumTests/lib/selenium-2.20.0/libs/commons-exec-1.1.jar:/home/tim/Selenium tests/SeleniumTests/lib/selenium-2.20.0/libs/commons-io-2.0.1.jar:/home/tim/Selenium tests/SeleniumTests/lib/selenium-2.20.0/libs/commons-jxpath-1.3.jar:/home/tim/Selenium tests/SeleniumTests/lib/selenium-2.20.0/libs/commons-lang-2.6.jar:/home/tim/Selenium tests/SeleniumTests/lib/selenium-2.20.0/libs/commons-logging-1.1.1.jar:/home/tim/Selenium tests/SeleniumTests/lib/selenium-2.20.0/libs/cssparser-0.9.5.jar:/home/tim/Selenium tests/SeleniumTests/lib/selenium-2.20.0/libs/guava-11.0.1.jar:/home/tim/Selenium tests/SeleniumTests/lib/selenium-2.20.0/libs/hamcrest-all-1.1.jar:/home/tim/Selenium tests/SeleniumTests/lib/selenium-2.20.0/libs/htmlunit-2.9.jar:/home/tim/Selenium tests/SeleniumTests/lib/selenium-2.20.0/libs/htmlunit-core-js-2.9.jar:/home/tim/Selenium tests/SeleniumTests/lib/selenium-2.20.0/libs/httpclient-4.1.2.jar:/home/tim/Selenium tests/SeleniumTests/lib/selenium-2.20.0/libs/httpcore-4.1.3.jar:/home/tim/Selenium tests/SeleniumTests/lib/selenium-2.20.0/libs/httpmime-4.1.2.jar:/home/tim/Selenium tests/SeleniumTests/lib/selenium-2.20.0/libs/jcommander-1.13.jar:/home/tim/Selenium tests/SeleniumTests/lib/selenium-2.20.0/libs/jna-3.4.0.jar:/home/tim/Selenium tests/SeleniumTests/lib/selenium-2.20.0/libs/jna-platform-3.4.0.jar:/home/tim/Selenium tests/SeleniumTests/lib/selenium-2.20.0/libs/json-20080701.jar:/home/tim/Selenium tests/SeleniumTests/lib/selenium-2.20.0/libs/junit-dep-4.10.jar:/home/tim/Selenium tests/SeleniumTests/lib/selenium-2.20.0/libs/nekohtml-1.9.15.jar:/home/tim/Selenium tests/SeleniumTests/lib/selenium-2.20.0/libs/operadriver-v0.10.jar:/home/tim/Selenium tests/SeleniumTests/lib/selenium-2.20.0/libs/protobuf-java-2.4.1.jar:/home/tim/Selenium tests/SeleniumTests/lib/selenium-2.20.0/libs/sac-1.3.jar:/home/tim/Selenium tests/SeleniumTests/lib/selenium-2.20.0/libs/serializer-2.7.1.jar:/home/tim/Selenium tests/SeleniumTests/lib/selenium-2.20.0/libs/testng-6.0.1-nobsh-noguice.jar:/home/tim/Selenium tests/SeleniumTests/lib/selenium-2.20.0/libs/xalan-2.7.1.jar:/home/tim/Selenium tests/SeleniumTests/lib/selenium-2.20.0/libs/xml-apis-1.3.04.jar:/home/tim/Selenium tests/SeleniumTests/build:/home/tim/Selenium tests/SeleniumTests/src:/home/tim/apps/eclipse/plugins/org.apache.ant_1.8.2.v20120109-1030/lib/ant-launcher.jar:/home/tim/apps/eclipse/plugins/org.apache.ant_1.8.2.v20120109-1030/lib/ant.jar:/home/tim/apps/eclipse/plugins/org.apache.ant_1.8.2.v20120109-1030/lib/ant-junit.jar:/home/tim/apps/eclipse/plugins/org.apache.ant_1.8.2.v20120109-1030/lib/ant-junit4.jar" />
    <property name="user.name" value="tim" />
    <property name="ant.file.Run Selenium Tests" value="/home/tim/Selenium tests/SeleniumTests/build.xml" />
    <property name="java.vm.specification.version" value="1.0" />
    <property name="sun.java.command" value="org.apache.tools.ant.taskdefs.optional.junit.JUnitTestRunner com.moodle.datacreation.MDLQADT1AddCourse filtertrace=true haltOnError=false haltOnFailure=false formatter=org.apache.tools.ant.taskdefs.optional.junit.SummaryJUnitResultFormatter showoutput=false outputtoformatters=true logfailedtests=true logtestlistenerevents=false formatter=org.apache.tools.ant.taskdefs.optional.junit.XMLJUnitResultFormatter,/home/tim/Selenium tests/SeleniumTests/junit-results/TEST-com.moodle.datacreation.MDLQADT1AddCourse.xml crashfile=/home/tim/Selenium tests/SeleniumTests/junitvmwatcher3382536291555381081.properties propsfile=/home/tim/Selenium tests/SeleniumTests/junit463576642670996176.properties" />
    <property name="sun.arch.data.model" value="64" />
    <property name="java.home" value="/usr/lib/jvm/java-6-openjdk-amd64/jre" />
    <property name="java.specification.vendor" value="Sun Microsystems Inc." />
    <property name="user.language" value="en" />
    <property name="build" value="/home/tim/Selenium tests/SeleniumTests/build" />
    <property name="java.vm.info" value="mixed mode" />
    <property name="java.version" value="1.6.0_24" />
    <property name="java.ext.dirs" value="/usr/lib/jvm/java-6-openjdk-amd64/jre/lib/ext:/usr/java/packages/lib/ext" />
    <property name="sun.boot.class.path" value="/usr/lib/jvm/java-6-openjdk-amd64/jre/lib/resources.jar:/usr/lib/jvm/java-6-openjdk-amd64/jre/lib/rt.jar:/usr/lib/jvm/java-6-openjdk-amd64/jre/lib/sunrsasign.jar:/usr/lib/jvm/java-6-openjdk-amd64/jre/lib/jsse.jar:/usr/lib/jvm/java-6-openjdk-amd64/jre/lib/jce.jar:/usr/lib/jvm/java-6-openjdk-amd64/jre/lib/charsets.jar:/usr/lib/jvm/java-6-openjdk-amd64/jre/lib/netx.jar:/usr/lib/jvm/java-6-openjdk-amd64/jre/lib/plugin.jar:/usr/lib/jvm/java-6-openjdk-amd64/jre/lib/rhino.jar:/usr/lib/jvm/java-6-openjdk-amd64/jre/lib/modules/jdk.boot.jar:/usr/lib/jvm/java-6-openjdk-amd64/jre/classes" />
    <property name="java.vendor" value="Sun Microsystems Inc." />
    <property name="ant.file.type.Run Selenium Tests" value="file" />
    <property name="file.separator" value="/" />
    <property name="java.vendor.url.bug" value="http://java.sun.com/cgi-bin/bugreport.cgi" />
    <property name="sun.cpu.endian" value="little" />
    <property name="sun.io.unicode.encoding" value="UnicodeLittle" />
    <property name="sun.desktop" value="gnome" />
    <property name="libs" value="/home/tim/Selenium tests/SeleniumTests/lib" />
    <property name="sun.cpu.isalist" value="" />
  </properties>
  <testcase classname="com.moodle.datacreation.MDLQADT1AddCourse" name="login" time="2.599" />
  <testcase classname="com.moodle.datacreation.MDLQADT1AddCourse" name="addCourse" time="4.59" />
  <testcase classname="com.moodle.datacreation.MDLQADT1AddCourse" name="logout" time="0.618" />
  <system-out><![CDATA[]]></system-out>
  <system-err><![CDATA[]]></system-err>
</testsuite>
