<?xml version="1.0" encoding="UTF-8" ?>
<testsuite errors="0" failures="0" hostname="tim.moodle.local" name="com.moodle.test.datacreation.MDLQADT3AssignFrontPageRoles" tests="13" time="37.972" timestamp="2012-07-25T03:14:08">
  <properties>
    <property name="ant.project.invoked-targets" value="run_tests" />
    <property name="java.runtime.name" value="OpenJDK Runtime Environment" />
    <property name="sun.boot.library.path" value="/usr/lib/jvm/java-6-openjdk-amd64/jre/lib/amd64" />
    <property name="java.vm.version" value="20.0-b12" />
    <property name="ant.library.dir" value="/usr/share/ant/lib" />
    <property name="testresults" value="/home/tim/Selenium tests/SeleniumTests/junit-results" />
    <property name="ant.version" value="Apache Ant(TM) version 1.8.2 compiled on December 3 2011" />
    <property name="ant.java.version" value="1.6" />
    <property name="java.vm.vendor" value="Sun Microsystems Inc." />
    <property name="java.vendor.url" value="http://java.sun.com/" />
    <property name="path.separator" value=":" />
    <property name="java.vm.name" value="OpenJDK 64-Bit Server VM" />
    <property name="file.encoding.pkg" value="sun.io" />
    <property name="user.country" value="AU" />
    <property name="sun.java.launcher" value="SUN_STANDARD" />
    <property name="sun.os.patch.level" value="unknown" />
    <property name="java.vm.specification.name" value="Java Virtual Machine Specification" />
    <property name="user.dir" value="/home/tim/Selenium tests/SeleniumTests" />
    <property name="java.runtime.version" value="1.6.0_24-b24" />
    <property name="java.awt.graphicsenv" value="sun.awt.X11GraphicsEnvironment" />
    <property name="basedir" value="/home/tim/Selenium tests/SeleniumTests" />
    <property name="java.endorsed.dirs" value="/usr/lib/jvm/java-6-openjdk-amd64/jre/lib/endorsed" />
    <property name="os.arch" value="amd64" />
    <property name="ant.project.default-target" value="all_selenium_tests" />
    <property name="java.io.tmpdir" value="/tmp" />
    <property name="ant.core.lib" value="/usr/share/ant/lib/ant.jar" />
    <property name="line.separator" value="&#xa;" />
    <property name="java.vm.specification.vendor" value="Sun Microsystems Inc." />
    <property name="testreport" value="/home/tim/Selenium tests/SeleniumTests/junit-report" />
    <property name="os.name" value="Linux" />
    <property name="ant.home" value="/usr/share/ant" />
    <property name="ant.project.name" value="Run Selenium Tests" />
    <property name="sun.jnu.encoding" value="UTF-8" />
    <property name="java.library.path" value="/usr/lib/jvm/java-6-openjdk-amd64/jre/lib/amd64/server:/usr/lib/jvm/java-6-openjdk-amd64/jre/lib/amd64:/usr/lib/jvm/java-6-openjdk-amd64/jre/../lib/amd64:/usr/java/packages/lib/amd64:/usr/lib/x86_64-linux-gnu/jni:/lib/x86_64-linux-gnu:/usr/lib/x86_64-linux-gnu:/usr/lib/jni:/lib:/usr/lib" />
    <property name="src" value="/home/tim/Selenium tests/SeleniumTests/src" />
    <property name="java.class.version" value="50.0" />
    <property name="java.specification.name" value="Java Platform API Specification" />
    <property name="sun.management.compiler" value="HotSpot 64-Bit Tiered Compilers" />
    <property name="os.version" value="3.2.0-26-generic" />
    <property name="ant.file" value="/home/tim/Selenium tests/SeleniumTests/build.xml" />
    <property name="user.home" value="/home/tim" />
    <property name="user.timezone" value="" />
    <property name="java.awt.printerjob" value="sun.print.PSPrinterJob" />
    <property name="java.specification.version" value="1.6" />
    <property name="file.encoding" value="UTF-8" />
    <property name="user.name" value="tim" />
    <property name="java.class.path" value="/home/tim/Selenium tests/SeleniumTests/lib/junit-4.10.jar:/home/tim/Selenium tests/SeleniumTests/lib/selenium-2.24.1/selenium-java-2.24.1.jar:/home/tim/Selenium tests/SeleniumTests/lib/selenium-2.24.1/selenium-java-2.24.1-srcs.jar:/home/tim/Selenium tests/SeleniumTests/lib/selenium-server-standalone-2.24.1.jar:/home/tim/Selenium tests/SeleniumTests/lib/selenium-2.24.1/libs/apache-mime4j-0.6.jar:/home/tim/Selenium tests/SeleniumTests/lib/selenium-2.24.1/libs/bsh-1.3.0.jar:/home/tim/Selenium tests/SeleniumTests/lib/selenium-2.24.1/libs/cglib-nodep-2.1_3.jar:/home/tim/Selenium tests/SeleniumTests/lib/selenium-2.24.1/libs/commons-codec-1.6.jar:/home/tim/Selenium tests/SeleniumTests/lib/selenium-2.24.1/libs/commons-collections-3.2.1.jar:/home/tim/Selenium tests/SeleniumTests/lib/selenium-2.24.1/libs/commons-exec-1.1.jar:/home/tim/Selenium tests/SeleniumTests/lib/selenium-2.24.1/libs/commons-io-2.0.1.jar:/home/tim/Selenium tests/SeleniumTests/lib/selenium-2.24.1/libs/commons-jxpath-1.3.jar:/home/tim/Selenium tests/SeleniumTests/lib/selenium-2.24.1/libs/commons-lang-2.6.jar:/home/tim/Selenium tests/SeleniumTests/lib/selenium-2.24.1/libs/commons-logging-1.1.1.jar:/home/tim/Selenium tests/SeleniumTests/lib/selenium-2.24.1/libs/cssparser-0.9.5.jar:/home/tim/Selenium tests/SeleniumTests/lib/selenium-2.24.1/libs/htmlunit-2.9.jar:/home/tim/Selenium tests/SeleniumTests/lib/selenium-2.24.1/libs/htmlunit-core-js-2.9.jar:/home/tim/Selenium tests/SeleniumTests/lib/selenium-2.24.1/libs/httpcore-4.1.3.jar:/home/tim/Selenium tests/SeleniumTests/lib/selenium-2.24.1/libs/jcommander-1.13.jar:/home/tim/Selenium tests/SeleniumTests/lib/selenium-2.24.1/libs/jna-3.4.0.jar:/home/tim/Selenium tests/SeleniumTests/lib/selenium-2.24.1/libs/jna-platform-3.4.0.jar:/home/tim/Selenium tests/SeleniumTests/lib/selenium-2.24.1/libs/json-20080701.jar:/home/tim/Selenium tests/SeleniumTests/lib/selenium-2.24.1/libs/junit-dep-4.10.jar:/home/tim/Selenium tests/SeleniumTests/lib/selenium-2.24.1/libs/nekohtml-1.9.15.jar:/home/tim/Selenium tests/SeleniumTests/lib/selenium-2.24.1/libs/protobuf-java-2.4.1.jar:/home/tim/Selenium tests/SeleniumTests/lib/selenium-2.24.1/libs/sac-1.3.jar:/home/tim/Selenium tests/SeleniumTests/lib/selenium-2.24.1/libs/serializer-2.7.1.jar:/home/tim/Selenium tests/SeleniumTests/lib/selenium-2.24.1/libs/testng-6.0.1-nobsh-noguice.jar:/home/tim/Selenium tests/SeleniumTests/lib/selenium-2.24.1/libs/xalan-2.7.1.jar:/home/tim/Selenium tests/SeleniumTests/lib/selenium-2.24.1/libs/xml-apis-1.3.04.jar:/home/tim/Selenium tests/SeleniumTests/build:/home/tim/Selenium tests/SeleniumTests/src:/usr/share/ant/lib/junit.jar:/usr/share/java/ant-launcher-1.8.2.jar:/usr/share/ant/lib/ant.jar:/usr/share/ant/lib/ant-junit.jar:/usr/share/ant/lib/ant-junit4.jar" />
    <property name="ant.file.Run Selenium Tests" value="/home/tim/Selenium tests/SeleniumTests/build.xml" />
    <property name="java.vm.specification.version" value="1.0" />
    <property name="sun.java.command" value="org.apache.tools.ant.taskdefs.optional.junit.JUnitTestRunner com.moodle.test.datacreation.MDLQADT3AssignFrontPageRoles filtertrace=true haltOnError=false haltOnFailure=false formatter=org.apache.tools.ant.taskdefs.optional.junit.SummaryJUnitResultFormatter showoutput=false outputtoformatters=true logfailedtests=true logtestlistenerevents=false formatter=org.apache.tools.ant.taskdefs.optional.junit.XMLJUnitResultFormatter,/home/tim/Selenium tests/SeleniumTests/junit-results/TEST-com.moodle.test.datacreation.MDLQADT3AssignFrontPageRoles.xml crashfile=/home/tim/Selenium tests/SeleniumTests/junitvmwatcher7546187280486092717.properties propsfile=/home/tim/Selenium tests/SeleniumTests/junit8490435466042307750.properties" />
    <property name="sun.arch.data.model" value="64" />
    <property name="java.home" value="/usr/lib/jvm/java-6-openjdk-amd64/jre" />
    <property name="java.specification.vendor" value="Sun Microsystems Inc." />
    <property name="user.language" value="en" />
    <property name="build" value="/home/tim/Selenium tests/SeleniumTests/build" />
    <property name="java.vm.info" value="mixed mode" />
    <property name="java.version" value="1.6.0_24" />
    <property name="java.ext.dirs" value="/usr/lib/jvm/java-6-openjdk-amd64/jre/lib/ext:/usr/java/packages/lib/ext" />
    <property name="sun.boot.class.path" value="/usr/lib/jvm/java-6-openjdk-amd64/jre/lib/resources.jar:/usr/lib/jvm/java-6-openjdk-amd64/jre/lib/rt.jar:/usr/lib/jvm/java-6-openjdk-amd64/jre/lib/sunrsasign.jar:/usr/lib/jvm/java-6-openjdk-amd64/jre/lib/jsse.jar:/usr/lib/jvm/java-6-openjdk-amd64/jre/lib/jce.jar:/usr/lib/jvm/java-6-openjdk-amd64/jre/lib/charsets.jar:/usr/lib/jvm/java-6-openjdk-amd64/jre/lib/netx.jar:/usr/lib/jvm/java-6-openjdk-amd64/jre/lib/plugin.jar:/usr/lib/jvm/java-6-openjdk-amd64/jre/lib/rhino.jar:/usr/lib/jvm/java-6-openjdk-amd64/jre/lib/modules/jdk.boot.jar:/usr/lib/jvm/java-6-openjdk-amd64/jre/classes" />
    <property name="java.vendor" value="Sun Microsystems Inc." />
    <property name="ant.file.type.Run Selenium Tests" value="file" />
    <property name="file.separator" value="/" />
    <property name="java.vendor.url.bug" value="http://java.sun.com/cgi-bin/bugreport.cgi" />
    <property name="sun.cpu.endian" value="little" />
    <property name="sun.io.unicode.encoding" value="UnicodeLittle" />
    <property name="ant.file.type" value="file" />
    <property name="sun.desktop" value="gnome" />
    <property name="libs" value="/home/tim/Selenium tests/SeleniumTests/lib" />
    <property name="sun.cpu.isalist" value="" />
  </properties>
  <testcase classname="com.moodle.test.datacreation.MDLQADT3AssignFrontPageRoles" name="login" time="2.163" />
  <testcase classname="com.moodle.test.datacreation.MDLQADT3AssignFrontPageRoles" name="assignTeacherRole" time="2.923" />
  <testcase classname="com.moodle.test.datacreation.MDLQADT3AssignFrontPageRoles" name="assignStudentRole" time="2.453" />
  <testcase classname="com.moodle.test.datacreation.MDLQADT3AssignFrontPageRoles" name="assignStudent2Role" time="2.898" />
  <testcase classname="com.moodle.test.datacreation.MDLQADT3AssignFrontPageRoles" name="assignStudent3Role" time="2.538" />
  <testcase classname="com.moodle.test.datacreation.MDLQADT3AssignFrontPageRoles" name="assignStudent4Role" time="2.473" />
  <testcase classname="com.moodle.test.datacreation.MDLQADT3AssignFrontPageRoles" name="assignStudent5Role" time="2.522" />
  <testcase classname="com.moodle.test.datacreation.MDLQADT3AssignFrontPageRoles" name="assignStudent6Role" time="2.42" />
  <testcase classname="com.moodle.test.datacreation.MDLQADT3AssignFrontPageRoles" name="assignStudent7Role" time="2.374" />
  <testcase classname="com.moodle.test.datacreation.MDLQADT3AssignFrontPageRoles" name="assignStudent8Role" time="2.719" />
  <testcase classname="com.moodle.test.datacreation.MDLQADT3AssignFrontPageRoles" name="assignStudent9Role" time="2.362" />
  <testcase classname="com.moodle.test.datacreation.MDLQADT3AssignFrontPageRoles" name="assignStudent10Role" time="2.502" />
  <testcase classname="com.moodle.test.datacreation.MDLQADT3AssignFrontPageRoles" name="assignStudent11Role" time="2.433" />
  <system-out><![CDATA[]]></system-out>
  <system-err><![CDATA[]]></system-err>
</testsuite>
