<?xml version="1.0" encoding="UTF-8" ?>
<testsuite errors="0" failures="0" hostname="timnsaf" name="com.moodle.test.datacreation.MDLQADT1AddCourse" tests="2" time="188.424" timestamp="2012-07-28T23:41:09">
  <properties>
    <property name="java.vendor" value="Sun Microsystems Inc." />
    <property name="libs" value="/home/timnsaf/functional-test-suite/lib" />
    <property name="sun.java.launcher" value="SUN_STANDARD" />
    <property name="eclipse.pdebuild.templates" value="/home/timnsaf/Apps/eclipse/plugins/org.eclipse.pde.build_3.7.0.v20111116-2009/templates//" />
    <property name="sun.management.compiler" value="HotSpot 64-Bit Tiered Compilers" />
    <property name="os.name" value="Linux" />
    <property name="sun.boot.class.path" value="/usr/lib/jvm/java-6-openjdk-amd64/jre/lib/resources.jar:/usr/lib/jvm/java-6-openjdk-amd64/jre/lib/rt.jar:/usr/lib/jvm/java-6-openjdk-amd64/jre/lib/sunrsasign.jar:/usr/lib/jvm/java-6-openjdk-amd64/jre/lib/jsse.jar:/usr/lib/jvm/java-6-openjdk-amd64/jre/lib/jce.jar:/usr/lib/jvm/java-6-openjdk-amd64/jre/lib/charsets.jar:/usr/lib/jvm/java-6-openjdk-amd64/jre/lib/netx.jar:/usr/lib/jvm/java-6-openjdk-amd64/jre/lib/plugin.jar:/usr/lib/jvm/java-6-openjdk-amd64/jre/lib/rhino.jar:/usr/lib/jvm/java-6-openjdk-amd64/jre/lib/modules/jdk.boot.jar:/usr/lib/jvm/java-6-openjdk-amd64/jre/classes" />
    <property name="ant.file.Run Selenium Tests" value="/home/timnsaf/functional-test-suite/build.xml" />
    <property name="sun.desktop" value="gnome" />
    <property name="java.vm.specification.vendor" value="Sun Microsystems Inc." />
    <property name="ant.home" value="/home/timnsaf/Apps/eclipse/plugins/org.apache.ant_1.8.2.v20120109-1030" />
    <property name="java.runtime.version" value="1.6.0_24-b24" />
    <property name="user.name" value="timnsaf" />
    <property name="sublibs" value="/home/timnsaf/functional-test-suite/lib/selenium-2.25.0/libs" />
    <property name="user.language" value="en" />
    <property name="testresults" value="/home/timnsaf/functional-test-suite/junit-results" />
    <property name="build" value="/home/timnsaf/functional-test-suite/build" />
    <property name="sun.boot.library.path" value="/usr/lib/jvm/java-6-openjdk-amd64/jre/lib/amd64" />
    <property name="ant.project.default-target" value="all_selenium_tests" />
    <property name="ant.project.name" value="Run Selenium Tests" />
    <property name="java.version" value="1.6.0_24" />
    <property name="ant.file.type.Run Selenium Tests" value="file" />
    <property name="user.timezone" value="" />
    <property name="sun.arch.data.model" value="64" />
    <property name="java.endorsed.dirs" value="/usr/lib/jvm/java-6-openjdk-amd64/jre/lib/endorsed" />
    <property name="sun.cpu.isalist" value="" />
    <property name="sun.jnu.encoding" value="UTF-8" />
    <property name="file.encoding.pkg" value="sun.io" />
    <property name="file.separator" value="/" />
    <property name="java.specification.name" value="Java Platform API Specification" />
    <property name="java.class.version" value="50.0" />
    <property name="src" value="/home/timnsaf/functional-test-suite/src" />
    <property name="user.country" value="AU" />
    <property name="java.home" value="/usr/lib/jvm/java-6-openjdk-amd64/jre" />
    <property name="java.vm.info" value="mixed mode" />
    <property name="ant.file" value="/home/timnsaf/functional-test-suite/build.xml" />
    <property name="os.version" value="3.2.0-27-generic" />
    <property name="path.separator" value=":" />
    <property name="java.vm.version" value="20.0-b12" />
    <property name="ant.library.dir" value="/home/timnsaf/Apps/eclipse/plugins/org.apache.ant_1.8.2.v20120109-1030/lib" />
    <property name="java.awt.printerjob" value="sun.print.PSPrinterJob" />
    <property name="sun.io.unicode.encoding" value="UnicodeLittle" />
    <property name="eclipse.pdebuild.scripts" value="/home/timnsaf/Apps/eclipse/plugins/org.eclipse.pde.build_3.7.0.v20111116-2009/scripts//" />
    <property name="user.home" value="/home/timnsaf" />
    <property name="java.specification.vendor" value="Sun Microsystems Inc." />
    <property name="java.library.path" value="/usr/lib/jvm/java-6-openjdk-amd64/jre/lib/amd64/server:/usr/lib/jvm/java-6-openjdk-amd64/jre/lib/amd64:/usr/lib/jvm/java-6-openjdk-amd64/jre/../lib/amd64:/usr/java/packages/lib/amd64:/usr/lib/x86_64-linux-gnu/jni:/lib/x86_64-linux-gnu:/usr/lib/x86_64-linux-gnu:/usr/lib/jni:/lib:/usr/lib" />
    <property name="java.vendor.url" value="http://java.sun.com/" />
    <property name="java.vm.vendor" value="Sun Microsystems Inc." />
    <property name="java.runtime.name" value="OpenJDK Runtime Environment" />
    <property name="sun.java.command" value="org.apache.tools.ant.taskdefs.optional.junit.JUnitTestRunner com.moodle.test.datacreation.MDLQADT1AddCourse filtertrace=true haltOnError=false haltOnFailure=false formatter=org.apache.tools.ant.taskdefs.optional.junit.SummaryJUnitResultFormatter showoutput=false outputtoformatters=true logfailedtests=true logtestlistenerevents=false formatter=org.apache.tools.ant.taskdefs.optional.junit.XMLJUnitResultFormatter,/home/timnsaf/functional-test-suite/junit-results/TEST-com.moodle.test.datacreation.MDLQADT1AddCourse.xml crashfile=/home/timnsaf/functional-test-suite/junitvmwatcher7943913270164136743.properties propsfile=/home/timnsaf/functional-test-suite/junit5322027016669155204.properties" />
    <property name="java.class.path" value="/home/timnsaf/functional-test-suite/lib/junit-4.10.jar:/home/timnsaf/functional-test-suite/lib/selenium-2.25.0/selenium-server-standalone-2.25.0.jar:/home/timnsaf/functional-test-suite/lib/selenium-2.25.0/libs/apache-mime4j-0.6.jar:/home/timnsaf/functional-test-suite/lib/selenium-2.25.0/libs/bcpkix-jdk15on-1.47.jar:/home/timnsaf/functional-test-suite/lib/selenium-2.25.0/libs/bcprov-jdk15on-147.jar:/home/timnsaf/functional-test-suite/lib/selenium-2.25.0/libs/bsh-1.3.0.jar:/home/timnsaf/functional-test-suite/lib/selenium-2.25.0/libs/cglib-nodep-2.1_3.jar:/home/timnsaf/functional-test-suite/lib/selenium-2.25.0/libs/commons-codec-1.6.jar:/home/timnsaf/functional-test-suite/lib/selenium-2.25.0/libs/commons-collections-3.2.1.jar:/home/timnsaf/functional-test-suite/lib/selenium-2.25.0/libs/commons-el-1.0.jar:/home/timnsaf/functional-test-suite/lib/selenium-2.25.0/libs/commons-exec-1.1.jar:/home/timnsaf/functional-test-suite/lib/selenium-2.25.0/libs/commons-io-2.0.1.jar:/home/timnsaf/functional-test-suite/lib/selenium-2.25.0/libs/commons-jxpath-1.3.jar:/home/timnsaf/functional-test-suite/lib/selenium-2.25.0/libs/commons-lang-2.6.jar:/home/timnsaf/functional-test-suite/lib/selenium-2.25.0/libs/commons-logging-1.1.1.jar:/home/timnsaf/functional-test-suite/lib/selenium-2.25.0/libs/cssparser-0.9.5.jar:/home/timnsaf/functional-test-suite/lib/selenium-2.25.0/libs/guava-12.0.jar:/home/timnsaf/functional-test-suite/lib/selenium-2.25.0/libs/hamcrest-core-1.1.jar:/home/timnsaf/functional-test-suite/lib/selenium-2.25.0/libs/hamcrest-library-1.1.jar:/home/timnsaf/functional-test-suite/lib/selenium-2.25.0/libs/htmlunit-2.9.jar:/home/timnsaf/functional-test-suite/lib/selenium-2.25.0/libs/htmlunit-core-js-2.9.jar:/home/timnsaf/functional-test-suite/lib/selenium-2.25.0/libs/httpclient-4.1.3.jar:/home/timnsaf/functional-test-suite/lib/selenium-2.25.0/libs/httpcore-4.1.3.jar:/home/timnsaf/functional-test-suite/lib/selenium-2.25.0/libs/httpmime-4.1.3.jar:/home/timnsaf/functional-test-suite/lib/selenium-2.25.0/libs/jasper-compiler-5.5.15.jar:/home/timnsaf/functional-test-suite/lib/selenium-2.25.0/libs/jasper-compiler-jdt-5.5.15.jar:/home/timnsaf/functional-test-suite/lib/selenium-2.25.0/libs/jasper-runtime-5.5.15.jar:/home/timnsaf/functional-test-suite/lib/selenium-2.25.0/libs/jcip-annotations-1.0.jar:/home/timnsaf/functional-test-suite/lib/selenium-2.25.0/libs/jcommander-1.13.jar:/home/timnsaf/functional-test-suite/lib/selenium-2.25.0/libs/jetty-repacked-7.6.1.jar:/home/timnsaf/functional-test-suite/lib/selenium-2.25.0/libs/jna-3.4.0.jar:/home/timnsaf/functional-test-suite/lib/selenium-2.25.0/libs/jna-platform-3.4.0.jar:/home/timnsaf/functional-test-suite/lib/selenium-2.25.0/libs/json-20080701.jar:/home/timnsaf/functional-test-suite/lib/selenium-2.25.0/libs/junit-dep-4.10.jar:/home/timnsaf/functional-test-suite/lib/selenium-2.25.0/libs/nekohtml-1.9.15.jar:/home/timnsaf/functional-test-suite/lib/selenium-2.25.0/libs/netty-3.2.7.Final.jar:/home/timnsaf/functional-test-suite/lib/selenium-2.25.0/libs/operadriver-0.14.jar:/home/timnsaf/functional-test-suite/lib/selenium-2.25.0/libs/protobuf-java-2.4.1.jar:/home/timnsaf/functional-test-suite/lib/selenium-2.25.0/libs/sac-1.3.jar:/home/timnsaf/functional-test-suite/lib/selenium-2.25.0/libs/serializer-2.7.1.jar:/home/timnsaf/functional-test-suite/lib/selenium-2.25.0/libs/servlet-api-2.5-6.1.9.jar:/home/timnsaf/functional-test-suite/lib/selenium-2.25.0/libs/snakeyaml-1.8.jar:/home/timnsaf/functional-test-suite/lib/selenium-2.25.0/libs/testng-6.0.1-nobsh-noguice.jar:/home/timnsaf/functional-test-suite/lib/selenium-2.25.0/libs/webbit-0.4.8-SNAPSHOT.jar:/home/timnsaf/functional-test-suite/lib/selenium-2.25.0/libs/xalan-2.7.1.jar:/home/timnsaf/functional-test-suite/lib/selenium-2.25.0/libs/xml-apis-1.3.04.jar:/home/timnsaf/functional-test-suite/build:/home/timnsaf/functional-test-suite/src:/home/timnsaf/Apps/eclipse/plugins/org.apache.ant_1.8.2.v20120109-1030/lib/ant-launcher.jar:/home/timnsaf/Apps/eclipse/plugins/org.apache.ant_1.8.2.v20120109-1030/lib/ant.jar:/home/timnsaf/Apps/eclipse/plugins/org.apache.ant_1.8.2.v20120109-1030/lib/ant-junit.jar:/home/timnsaf/Apps/eclipse/plugins/org.apache.ant_1.8.2.v20120109-1030/lib/ant-junit4.jar" />
    <property name="ant.version" value="Apache Ant(TM) version 1.8.2 compiled on December 20 2010" />
    <property name="testreport" value="/home/timnsaf/functional-test-suite/junit-report" />
    <property name="java.vm.specification.name" value="Java Virtual Machine Specification" />
    <property name="java.vm.specification.version" value="1.0" />
    <property name="sun.cpu.endian" value="little" />
    <property name="sun.os.patch.level" value="unknown" />
    <property name="eclipse.pdebuild.home" value="/home/timnsaf/Apps/eclipse/plugins/org.eclipse.pde.build_3.7.0.v20111116-2009/.//" />
    <property name="java.io.tmpdir" value="/tmp" />
    <property name="java.vendor.url.bug" value="http://java.sun.com/cgi-bin/bugreport.cgi" />
    <property name="os.arch" value="amd64" />
    <property name="java.awt.graphicsenv" value="sun.awt.X11GraphicsEnvironment" />
    <property name="java.ext.dirs" value="/usr/lib/jvm/java-6-openjdk-amd64/jre/lib/ext:/usr/java/packages/lib/ext" />
    <property name="user.dir" value="/home/timnsaf/functional-test-suite" />
    <property name="line.separator" value="&#xa;" />
    <property name="java.vm.name" value="OpenJDK 64-Bit Server VM" />
    <property name="basedir" value="/home/timnsaf/functional-test-suite" />
    <property name="ant.java.version" value="1.6" />
    <property name="ant.core.lib" value="/home/timnsaf/Apps/eclipse/plugins/org.apache.ant_1.8.2.v20120109-1030/lib/ant.jar" />
    <property name="file.encoding" value="UTF-8" />
    <property name="sellibs" value="/home/timnsaf/functional-test-suite/lib/selenium-2.25.0" />
    <property name="java.specification.version" value="1.6" />
    <property name="ant.project.invoked-targets" value="run_tests" />
  </properties>
  <testcase classname="com.moodle.test.datacreation.MDLQADT1AddCourse" name="login" time="13.497" />
  <testcase classname="com.moodle.test.datacreation.MDLQADT1AddCourse" name="addCourse" time="149.097" />
  <system-out><![CDATA[]]></system-out>
  <system-err><![CDATA[]]></system-err>
</testsuite>
